Nvectensis.XP_032232391.1	100.000	250	0	0	1.02e-172	477	N/A
Nvectensis.XP_032233579.1	74.091	220	26	4	1.68e-95	280	N/A
Dgigantea.XP_028402658.1	38.857	175	81	6	1.58e-22	93.2	N/A
Hvulgaris.XP_002164587.2	37.778	90	55	1	3.73e-14	69.7	N/A
Dgigantea.XP_028402621.1	36.184	152	72	8	5.79e-14	70.1	N/A
Myessoensis.XP_021340406.1	39.437	71	43	0	6.55e-14	69.7	N/A
Nvectensis.XP_032242907.1	39.744	78	47	0	2.23e-13	68.2	N/A
Myessoensis.XP_021364517.1	33.721	172	88	8	2.43e-13	68.2	N/A
Aplanci.XP_022088516.1	72.973	74	5	6	2.40e-12	68.2	N/A
Hvulgaris.XP_004207566.1	41.096	73	42	1	8.78e-12	65.1	N/A
Hvulgaris.XP_002161431.1	30.337	89	58	1	1.09e-11	63.5	N/A
Bbelcheri.XP_019620882.1	35.833	120	63	3	2.41e-11	62.8	N/A
Aplanci.XP_022088518.1	73.239	71	4	6	3.53e-11	64.7	N/A
Dgigantea.XP_028402654.1	30.159	189	108	5	1.04e-10	61.6	N/A
Hvulgaris.XP_012558794.1	35.211	71	41	1	2.62e-10	59.7	N/A
Bbelcheri.XP_019620799.1	30.065	153	86	3	2.84e-10	59.7	N/A
Hvulgaris.XP_002158862.1	40.000	90	43	3	4.25e-10	58.9	N/A
Bbelcheri.XP_019630083.1	29.885	87	60	1	5.12e-10	58.9	N/A
Aplanci.XP_022086956.1	44.503	191	79	9	7.08e-10	59.3	N/A
Bbelcheri.XP_019620800.1	30.675	163	84	5	7.75e-10	58.9	N/A
Hsapiens.NP_001382572.1	30.935	139	87	2	1.35e-09	59.3	proline rich transmembrane protein 1B isoform 2
Aplanci.XP_022096373.1	36.364	121	70	4	1.48e-09	57.8	N/A
Myessoensis.XP_021379280.1	36.620	71	44	1	1.49e-09	58.2	N/A
Nvectensis.XP_032225600.1	51.961	102	32	5	2.95e-09	57.8	N/A
Myessoensis.XP_021379279.1	35.211	71	45	1	5.74e-09	56.6	N/A
Hvulgaris.XP_002161283.2	27.778	90	61	1	6.64e-09	56.2	N/A
Nvectensis.XP_001634609.2	54.032	124	32	11	7.04e-09	58.2	N/A
Dgigantea.XP_028402661.1	39.655	58	35	0	1.42e-08	54.3	N/A
Hvulgaris.XP_012565030.1	47.727	44	23	0	4.93e-08	52.4	N/A
Bbelcheri.XP_019620884.1	35.443	79	50	1	6.68e-08	52.4	N/A
Hsapiens.NP_660282.2	26.168	214	135	9	1.01e-07	54.3	proline-rich transmembrane protein 2 isoform 1
Myessoensis.XP_021379300.1	45.833	48	26	0	1.16e-07	52.0	N/A
Hsapiens.NP_001099049.1	40.323	62	37	0	1.17e-07	53.5	synapse differentiation-inducing gene protein 1-like
Myessoensis.XP_021379299.1	33.628	113	62	5	1.22e-07	53.1	N/A
Myessoensis.XP_021347056.1	30.556	72	50	0	4.28e-07	50.8	N/A
Aplanci.XP_022111498.1	33.898	59	39	0	7.47e-07	49.7	N/A
Hvulgaris.XP_012560140.1	35.385	65	42	0	1.14e-06	50.1	N/A
Aplanci.XP_022084882.1	49.254	67	32	1	1.78e-06	50.4	N/A
Bbelcheri.XP_019647924.1	33.735	83	52	2	1.87e-06	48.5	N/A
Bbelcheri.XP_019638223.1	31.579	133	85	3	1.90e-06	48.9	N/A
Nvectensis.XP_032237469.1	35.616	73	46	1	2.42e-06	48.9	N/A
Hsapiens.NP_079169.1	41.379	58	34	0	3.47e-06	49.3	synapse differentiation-inducing gene protein 1
Nvectensis.XP_032229879.1	33.333	78	51	1	5.25e-06	48.9	N/A
Bbelcheri.XP_019626264.1	38.235	102	59	2	5.84e-06	49.7	N/A
Hvulgaris.XP_012565782.1	33.824	68	45	0	6.48e-06	48.1	N/A
Bbelcheri.XP_019638176.1	36.585	82	50	1	7.60e-06	46.6	N/A
Bbelcheri.XP_019645750.1	30.000	150	87	7	2.39e-05	47.8	N/A
Aplanci.XP_022086921.1	22.973	74	57	0	2.77e-05	46.2	N/A
Nvectensis.XP_001641580.2	31.200	125	81	2	3.71e-05	47.0	N/A
Aplanci.XP_022099592.1	71.429	49	8	6	5.53e-05	45.8	N/A
Nvectensis.XP_032226152.1	29.310	174	101	8	6.33e-05	46.2	N/A
Bbelcheri.XP_019644437.1	30.370	135	83	6	6.59e-05	43.9	N/A
Aplanci.XP_022096361.1	32.836	67	41	2	1.01e-04	43.9	N/A
Nvectensis.XP_032223038.1	30.769	130	89	1	1.08e-04	44.3	N/A
Aplanci.XP_022112108.1	38.182	55	34	0	1.26e-04	45.1	N/A
Hvulgaris.XP_002158914.1	30.159	63	44	0	1.29e-04	43.1	N/A
Myessoensis.XP_021341652.1	24.299	107	78	1	2.81e-04	44.3	N/A
Bbelcheri.XP_019619908.1	30.081	123	74	3	5.96e-04	42.7	N/A
Myessoensis.XP_021351760.1	34.426	61	34	1	6.38e-04	43.1	N/A
Bbelcheri.XP_019643728.1	41.429	70	37	2	6.83e-04	42.7	N/A
Aplanci.XP_022092587.1	35.821	134	50	7	7.73e-04	41.2	N/A
Aplanci.XP_022079833.1	41.333	75	41	2	0.001	42.0	N/A
Bbelcheri.XP_019634395.1	26.154	65	45	1	0.001	42.0	N/A
Bbelcheri.XP_019627363.1	45.070	71	22	5	0.002	42.0	N/A
Aplanci.XP_022086922.1	33.028	109	60	3	0.002	40.4	N/A
Myessoensis.XP_021340407.1	29.851	134	73	4	0.002	40.0	N/A
Myessoensis.XP_021350528.1	25.000	148	101	2	0.002	41.6	N/A
Hvulgaris.XP_012561248.1	33.333	114	58	7	0.002	41.6	N/A
Myessoensis.XP_021368841.1	37.097	62	39	0	0.002	41.6	N/A
Bbelcheri.XP_019620149.1	25.203	123	73	3	0.002	41.6	N/A
Dgigantea.XP_028402653.1	31.193	109	62	5	0.004	40.0	N/A
Aplanci.XP_022101487.1	61.667	60	8	5	0.011	38.9	N/A
Myessoensis.XP_021351218.1	34.615	130	61	9	0.012	39.3	N/A
Aplanci.XP_022086923.1	30.159	126	55	4	0.017	37.4	N/A
Myessoensis.XP_021368839.1	33.333	81	46	2	0.021	38.5	N/A
Aplanci.XP_022106114.1	60.000	30	11	1	0.026	37.7	N/A
Hsapiens.NP_001254479.2	28.926	121	65	7	0.028	38.1	titin isoform IC
Aplanci.XP_022099047.1	37.037	81	37	2	0.029	37.0	N/A
Nvectensis.XP_032220297.1	26.042	96	62	2	0.030	38.1	N/A
Bbelcheri.XP_019639705.1	28.736	261	101	13	0.035	37.4	N/A
Myessoensis.XP_021367980.1	31.092	119	69	4	0.038	37.7	N/A
Hvulgaris.XP_012562865.1	28.302	53	38	0	0.042	36.2	N/A
Bbelcheri.XP_019634330.1	27.612	134	76	4	0.043	37.7	N/A
Aplanci.XP_022097439.1	54.688	64	14	6	0.054	37.0	N/A
Aplanci.XP_022089336.1	52.941	68	26	5	0.090	36.6	N/A
Nvectensis.XP_032217897.1	29.221	154	89	6	0.17	35.8	N/A
Dgigantea.XP_028405366.1	48.571	35	17	1	0.17	35.4	N/A
Bbelcheri.XP_019621758.1	34.074	135	72	5	0.19	35.0	N/A
Hvulgaris.XP_002161982.2	39.560	91	42	4	0.19	35.4	N/A
Hsapiens.NP_055853.1	24.476	143	100	5	0.20	35.4	uncharacterized protein KIAA0754
Bbelcheri.XP_019636910.1	35.659	129	76	2	0.25	35.0	N/A
Bbelcheri.XP_019619105.1	47.458	59	21	4	0.27	35.0	N/A
Nvectensis.XP_032228508.1	40.385	52	25	2	0.31	34.7	N/A
Nvectensis.XP_001623291.1	43.860	57	32	0	0.37	34.7	N/A
Aplanci.XP_022082962.1	41.912	136	58	6	0.65	33.9	N/A
Nvectensis.XP_032240216.1	38.542	96	49	4	0.70	33.9	N/A
Aplanci.XP_022092303.1	60.870	46	18	0	0.81	33.5	N/A
Myessoensis.XP_021355735.1	40.000	55	33	0	0.83	33.5	N/A
Myessoensis.XP_021359454.1	27.711	83	53	2	1.2	33.1	N/A
Aplanci.XP_022099594.1	53.448	58	21	4	1.3	32.3	N/A
Nvectensis.XP_032221684.1	27.132	129	77	4	1.4	32.7	N/A
Bbelcheri.XP_019620292.1	37.179	78	44	2	1.6	32.3	N/A
Bbelcheri.XP_019636994.1	22.727	110	78	2	1.9	32.3	N/A
Aplanci.XP_022080539.1	45.714	70	32	2	2.0	32.0	N/A
Dgigantea.XP_028412343.1	42.105	57	32	1	2.1	32.0	N/A
Myessoensis.XP_021354329.1	28.030	132	78	5	2.6	32.0	N/A
Myessoensis.XP_021347272.1	32.673	101	52	5	2.9	32.0	N/A
Myessoensis.XP_021351393.1	28.659	164	109	5	3.6	31.6	N/A
Nvectensis.XP_032242091.1	60.000	25	10	0	3.7	30.8	N/A
Nvectensis.XP_001635026.2	50.000	48	23	1	3.9	30.0	N/A
Myessoensis.XP_021360115.1	34.746	118	64	5	6.3	30.4	N/A
Dgigantea.XP_028401165.1	44.660	103	28	10	6.4	30.4	N/A
Myessoensis.XP_021367487.1	39.286	84	37	2	6.9	30.8	N/A
Hsapiens.NP_001369477.1	30.000	90	47	4	8.0	30.4	transcription elongation regulator 1 isoform 3
