Nvectensis.XP_032232391.1
Nvectensis.XP_032233579.1
Dgigantea.XP_028402658.1
Hvulgaris.XP_002164587.2
Dgigantea.XP_028402621.1
Myessoensis.XP_021340406.1
Nvectensis.XP_032242907.1
Myessoensis.XP_021364517.1
Aplanci.XP_022088516.1
Hvulgaris.XP_004207566.1
Hvulgaris.XP_002161431.1
Bbelcheri.XP_019620882.1
Aplanci.XP_022088518.1
Dgigantea.XP_028402654.1
Hvulgaris.XP_012558794.1
Bbelcheri.XP_019620799.1
Hvulgaris.XP_002158862.1
Bbelcheri.XP_019630083.1
Aplanci.XP_022086956.1
Bbelcheri.XP_019620800.1
Hsapiens.NP_001382572.1
Aplanci.XP_022096373.1
Myessoensis.XP_021379280.1
Nvectensis.XP_032225600.1
Myessoensis.XP_021379279.1
Hvulgaris.XP_002161283.2
Nvectensis.XP_001634609.2
